<?xml version="1.0" encoding="UTF-8"?>
<!-- Generated by org.testng.reporters.JUnitXMLReporter -->
<testsuite hostname="CLASSROOM" name="Admin" tests="6" failures="0" timestamp="29 Mar 2019 03:02:42 GMT" time="14.321" errors="0">
  <testcase name="method4" time="0.0" classname="TestScripts.Ex1"/>
  <testcase name="method3" time="0.0" classname="TestScripts.Ex1"/>
  <testcase name="method4" time="0.0" classname="TestScripts.Ex2"/>
  <testcase name="method3" time="0.0" classname="TestScripts.Ex2"/>
  <testcase name="VerifyOrangeHRM" time="2.396" classname="TestScripts.TC1"/>
  <testcase name="VerifyOrangeHRM" time="2.745" classname="TestScripts.TC2"/>
</testsuite> <!-- Admin -->
